TN:
SF:src/modules/freelas/services/CreateCategorieIdFreelaIdService.ts
FN:57,Object.<anonymous>
FN:57,Object.<anonymous>.__decorate
FN:57,Object.<anonymous>.__metadata
FN:57,Object.<anonymous>.__param
FN:57,Object.<anonymous>.__awaiter
FN:57,adopt
FN:57,fulfilled
FN:57,rejected
FN:57,step
FN:57,Object.<anonymous>.__generator
FN:57,sent
FN:57,g.<computed>
FN:57,verb
FN:57,step
FN:57,Object.<anonymous>.__importDefault
FN:21,CreateCategorieIdFreelaIdService
FN:34,Object.<anonymous>.CreateCategorieIdFreelaIdService.execute
FNF:17
FNH:15
FNDA:1,Object.<anonymous>
FNDA:1,Object.<anonymous>.__decorate
FNDA:1,Object.<anonymous>.__metadata
FNDA:3,Object.<anonymous>.__param
FNDA:3,Object.<anonymous>.__awaiter
FNDA:6,adopt
FNDA:6,fulfilled
FNDA:0,rejected
FNDA:7,step
FNDA:3,Object.<anonymous>.__generator
FNDA:6,sent
FNDA:0,g.<computed>
FNDA:9,verb
FNDA:9,step
FNDA:1,Object.<anonymous>.__importDefault
FNDA:3,CreateCategorieIdFreelaIdService
FNDA:3,Object.<anonymous>.CreateCategorieIdFreelaIdService.execute
DA:1,1
DA:2,1
DA:3,1
DA:4,1
DA:5,1
DA:6,1
DA:7,1
DA:8,1
DA:9,1
DA:10,1
DA:11,1
DA:12,1
DA:13,1
DA:14,1
DA:15,1
DA:16,1
DA:17,1
DA:18,1
DA:19,1
DA:20,1
DA:21,1
DA:22,3
DA:23,3
DA:24,3
DA:25,3
DA:26,3
DA:27,3
DA:28,3
DA:29,3
DA:30,3
DA:31,3
DA:32,3
DA:33,1
DA:34,1
DA:35,3
DA:36,3
DA:37,3
DA:38,3
DA:39,3
DA:40,1
DA:41,1
DA:42,2
DA:43,2
DA:44,3
DA:45,1
DA:46,1
DA:47,1
DA:48,1
DA:49,1
DA:50,1
DA:51,1
DA:52,1
DA:53,3
DA:54,3
DA:55,1
DA:56,1
DA:57,1
LF:57
LH:57
BRDA:57,0,0,1
BRDA:57,1,0,1
BRDA:57,2,0,1
BRDA:57,3,0,0
BRDA:57,4,0,0
BRDA:57,5,0,0
BRDA:57,6,0,0
BRDA:57,7,0,1
BRDA:57,8,0,3
BRDA:57,9,0,3
BRDA:57,10,0,3
BRDA:57,11,0,6
BRDA:57,12,0,0
BRDA:57,13,0,3
BRDA:57,14,0,6
BRDA:57,15,0,2
BRDA:57,16,0,7
BRDA:57,17,0,1
BRDA:57,18,0,6
BRDA:57,19,0,3
BRDA:57,20,0,6
BRDA:57,21,0,0
BRDA:57,22,0,9
BRDA:57,23,0,9
BRDA:57,24,0,9
BRDA:57,25,0,0
BRDA:57,26,0,18
BRDA:57,27,0,0
BRDA:57,28,0,0
BRDA:57,29,0,0
BRDA:57,30,0,0
BRDA:57,31,0,9
BRDA:57,32,0,9
BRDA:57,33,0,6
BRDA:57,34,0,0
BRDA:57,35,0,0
BRDA:57,36,0,3
BRDA:57,37,0,0
BRDA:57,38,0,1
BRDA:57,39,0,0
BRDA:57,40,0,0
BRDA:57,41,0,0
BRDA:57,42,0,0
BRDA:57,43,0,9
BRDA:57,44,0,2
BRDA:57,45,0,9
BRDA:57,46,0,3
BRDA:57,47,0,2
BRDA:57,48,0,1
BRDA:57,49,0,0
BRDA:57,50,0,1
BRDA:57,51,0,0
BRDA:14,52,0,1
BRDA:21,53,0,3
BRDA:34,54,0,3
BRDA:57,55,0,3
BRDA:57,56,0,9
BRDA:38,57,0,3
BRDA:57,58,0,3
BRDA:39,59,0,1
BRDA:41,60,0,2
BRDA:57,61,0,2
BRDA:44,62,0,1
BRDA:57,63,0,1
BRF:64
BRH:44
end_of_record
TN:
SF:src/modules/freelas/services/CreateCategorieService.ts
FN:28,Object.<anonymous>
FN:28,Object.<anonymous>.__decorate
FN:28,Object.<anonymous>.__metadata
FN:28,Object.<anonymous>.__param
FN:28,Object.<anonymous>.__awaiter
FN:28,adopt
FN:28,fulfilled
FN:28,rejected
FN:28,step
FN:28,Object.<anonymous>.__generator
FN:28,sent
FN:28,g.<computed>
FN:28,verb
FN:28,step
FN:9,CreateCategorieService
FN:16,Object.<anonymous>.CreateCategorieService.execute
FNF:16
FNH:14
FNDA:1,Object.<anonymous>
FNDA:1,Object.<anonymous>.__decorate
FNDA:1,Object.<anonymous>.__metadata
FNDA:1,Object.<anonymous>.__param
FNDA:2,Object.<anonymous>.__awaiter
FNDA:3,adopt
FNDA:3,fulfilled
FNDA:0,rejected
FNDA:5,step
FNDA:2,Object.<anonymous>.__generator
FNDA:3,sent
FNDA:0,g.<computed>
FNDA:6,verb
FNDA:5,step
FNDA:2,CreateCategorieService
FNDA:2,Object.<anonymous>.CreateCategorieService.execute
DA:1,1
DA:2,1
DA:3,1
DA:4,1
DA:5,1
DA:6,1
DA:7,1
DA:8,1
DA:9,1
DA:10,2
DA:11,2
DA:12,2
DA:13,2
DA:14,2
DA:15,1
DA:16,1
DA:17,2
DA:18,2
DA:19,2
DA:20,1
DA:21,1
DA:22,1
DA:23,2
DA:24,2
DA:25,2
DA:26,1
DA:27,1
DA:28,1
LF:28
LH:28
BRDA:28,0,0,1
BRDA:28,1,0,1
BRDA:28,2,0,1
BRDA:28,3,0,0
BRDA:28,4,0,0
BRDA:28,5,0,0
BRDA:28,6,0,0
BRDA:28,7,0,1
BRDA:28,8,0,1
BRDA:28,9,0,1
BRDA:28,10,0,2
BRDA:28,11,0,3
BRDA:28,12,0,0
BRDA:28,13,0,2
BRDA:28,14,0,3
BRDA:28,15,0,0
BRDA:28,16,0,5
BRDA:28,17,0,2
BRDA:28,18,0,3
BRDA:28,19,0,2
BRDA:28,20,0,3
BRDA:28,21,0,0
BRDA:28,22,0,6
BRDA:28,23,0,5
BRDA:28,24,0,5
BRDA:28,25,0,0
BRDA:28,26,0,10
BRDA:28,27,0,0
BRDA:28,28,0,0
BRDA:28,29,0,0
BRDA:28,30,0,0
BRDA:28,31,0,5
BRDA:28,32,0,5
BRDA:28,33,0,3
BRDA:28,34,0,0
BRDA:28,35,0,0
BRDA:28,36,0,2
BRDA:28,37,0,0
BRDA:28,38,0,0
BRDA:28,39,0,0
BRDA:28,40,0,0
BRDA:28,41,0,0
BRDA:28,42,0,5
BRDA:28,43,0,0
BRDA:28,44,0,5
BRDA:28,45,0,2
BRDA:28,46,0,0
BRDA:28,47,0,2
BRDA:28,48,0,0
BRDA:6,49,0,1
BRDA:9,50,0,2
BRDA:16,51,0,2
BRDA:28,52,0,2
BRDA:28,53,0,5
BRDA:17,54,0,2
BRDA:28,55,0,2
BRDA:19,56,0,1
BRDA:28,57,0,1
BRF:58
BRH:36
end_of_record
TN:
SF:src/modules/freelas/services/CreateFreelaService.ts
FN:55,Object.<anonymous>
FN:55,Object.<anonymous>.__decorate
FN:55,Object.<anonymous>.__metadata
FN:55,Object.<anonymous>.__param
FN:55,Object.<anonymous>.__awaiter
FN:55,adopt
FN:55,fulfilled
FN:55,rejected
FN:55,step
FN:55,Object.<anonymous>.__generator
FN:55,sent
FN:55,g.<computed>
FN:55,verb
FN:55,step
FN:55,Object.<anonymous>.__importDefault
FN:20,CreateFreelaService
FN:30,Object.<anonymous>.CreateFreelaService.execute
FNF:17
FNH:15
FNDA:1,Object.<anonymous>
FNDA:1,Object.<anonymous>.__decorate
FNDA:1,Object.<anonymous>.__metadata
FNDA:2,Object.<anonymous>.__param
FNDA:2,Object.<anonymous>.__awaiter
FNDA:4,adopt
FNDA:4,fulfilled
FNDA:0,rejected
FNDA:5,step
FNDA:2,Object.<anonymous>.__generator
FNDA:4,sent
FNDA:0,g.<computed>
FNDA:6,verb
FNDA:6,step
FNDA:1,Object.<anonymous>.__importDefault
FNDA:2,CreateFreelaService
FNDA:2,Object.<anonymous>.CreateFreelaService.execute
DA:1,1
DA:2,1
DA:3,1
DA:4,1
DA:5,1
DA:6,1
DA:7,1
DA:8,1
DA:9,1
DA:10,1
DA:11,1
DA:12,1
DA:13,1
DA:14,1
DA:15,1
DA:16,1
DA:17,1
DA:18,1
DA:19,1
DA:20,1
DA:21,2
DA:22,2
DA:23,2
DA:24,2
DA:25,2
DA:26,2
DA:27,2
DA:28,2
DA:29,1
DA:30,1
DA:31,2
DA:32,2
DA:33,2
DA:34,2
DA:35,2
DA:36,2
DA:37,2
DA:38,2
DA:39,1
DA:40,1
DA:41,1
DA:42,1
DA:43,1
DA:44,1
DA:45,1
DA:46,1
DA:47,1
DA:48,2
DA:49,2
DA:50,2
DA:51,2
DA:52,2
DA:53,1
DA:54,1
DA:55,1
LF:55
LH:55
BRDA:55,0,0,1
BRDA:55,1,0,1
BRDA:55,2,0,1
BRDA:55,3,0,0
BRDA:55,4,0,0
BRDA:55,5,0,0
BRDA:55,6,0,0
BRDA:55,7,0,1
BRDA:55,8,0,2
BRDA:55,9,0,2
BRDA:55,10,0,2
BRDA:55,11,0,4
BRDA:55,12,0,0
BRDA:55,13,0,2
BRDA:55,14,0,4
BRDA:55,15,0,1
BRDA:55,16,0,5
BRDA:55,17,0,1
BRDA:55,18,0,4
BRDA:55,19,0,2
BRDA:55,20,0,4
BRDA:55,21,0,0
BRDA:55,22,0,6
BRDA:55,23,0,6
BRDA:55,24,0,6
BRDA:55,25,0,0
BRDA:55,26,0,12
BRDA:55,27,0,0
BRDA:55,28,0,0
BRDA:55,29,0,0
BRDA:55,30,0,0
BRDA:55,31,0,6
BRDA:55,32,0,6
BRDA:55,33,0,4
BRDA:55,34,0,0
BRDA:55,35,0,0
BRDA:55,36,0,2
BRDA:55,37,0,0
BRDA:55,38,0,1
BRDA:55,39,0,0
BRDA:55,40,0,0
BRDA:55,41,0,0
BRDA:55,42,0,0
BRDA:55,43,0,6
BRDA:55,44,0,1
BRDA:55,45,0,6
BRDA:55,46,0,2
BRDA:55,47,0,1
BRDA:55,48,0,0
BRDA:55,49,0,1
BRDA:55,50,0,0
BRDA:15,51,0,1
BRDA:20,52,0,2
BRDA:30,53,0,2
BRDA:55,54,0,2
BRDA:55,55,0,6
BRDA:36,56,0,2
BRDA:55,57,0,2
BRDA:38,58,0,1
BRDA:55,59,0,1
BRDA:55,60,0,1
BRF:61
BRH:41
end_of_record
TN:
SF:src/modules/users/services/AutheticadedUserService.ts
FN:66,Object.<anonymous>
FN:66,Object.<anonymous>.__decorate
FN:66,Object.<anonymous>.__metadata
FN:66,Object.<anonymous>.__param
FN:66,Object.<anonymous>.__awaiter
FN:66,adopt
FN:66,fulfilled
FN:66,rejected
FN:66,step
FN:66,Object.<anonymous>.__generator
FN:66,sent
FN:66,g.<computed>
FN:66,verb
FN:66,step
FN:66,Object.<anonymous>.__importDefault
FN:26,AutheticatedServece
FN:41,Object.<anonymous>.AutheticatedServece.execute
FNF:17
FNH:15
FNDA:1,Object.<anonymous>
FNDA:1,Object.<anonymous>.__decorate
FNDA:1,Object.<anonymous>.__metadata
FNDA:3,Object.<anonymous>.__param
FNDA:3,Object.<anonymous>.__awaiter
FNDA:6,adopt
FNDA:6,fulfilled
FNDA:0,rejected
FNDA:7,step
FNDA:3,Object.<anonymous>.__generator
FNDA:6,sent
FNDA:0,g.<computed>
FNDA:9,verb
FNDA:9,step
FNDA:1,Object.<anonymous>.__importDefault
FNDA:3,AutheticatedServece
FNDA:3,Object.<anonymous>.AutheticatedServece.execute
DA:1,1
DA:2,1
DA:3,1
DA:4,1
DA:5,1
DA:6,1
DA:7,1
DA:8,1
DA:9,1
DA:10,1
DA:11,1
DA:12,1
DA:13,1
DA:14,1
DA:15,1
DA:16,1
DA:17,1
DA:18,1
DA:19,1
DA:20,1
DA:21,1
DA:22,1
DA:23,1
DA:24,1
DA:25,1
DA:26,1
DA:27,3
DA:28,3
DA:29,3
DA:30,3
DA:31,3
DA:32,3
DA:33,3
DA:34,3
DA:35,3
DA:36,3
DA:37,3
DA:38,3
DA:39,3
DA:40,1
DA:41,1
DA:42,3
DA:43,3
DA:44,3
DA:45,1
DA:46,1
DA:47,2
DA:48,2
DA:49,2
DA:50,2
DA:51,2
DA:52,3
DA:53,3
DA:54,1
DA:55,1
DA:56,1
DA:57,1
DA:58,3
DA:59,3
DA:60,3
DA:61,3
DA:62,3
DA:63,3
DA:64,1
DA:65,1
DA:66,1
LF:66
LH:66
BRDA:66,0,0,1
BRDA:66,1,0,1
BRDA:66,2,0,1
BRDA:66,3,0,0
BRDA:66,4,0,0
BRDA:66,5,0,0
BRDA:66,6,0,0
BRDA:66,7,0,1
BRDA:66,8,0,3
BRDA:66,9,0,3
BRDA:66,10,0,3
BRDA:66,11,0,6
BRDA:66,12,0,0
BRDA:66,13,0,3
BRDA:66,14,0,6
BRDA:66,15,0,2
BRDA:66,16,0,7
BRDA:66,17,0,1
BRDA:66,18,0,6
BRDA:66,19,0,3
BRDA:66,20,0,6
BRDA:66,21,0,0
BRDA:66,22,0,9
BRDA:66,23,0,9
BRDA:66,24,0,9
BRDA:66,25,0,0
BRDA:66,26,0,18
BRDA:66,27,0,0
BRDA:66,28,0,0
BRDA:66,29,0,0
BRDA:66,30,0,0
BRDA:66,31,0,9
BRDA:66,32,0,9
BRDA:66,33,0,6
BRDA:66,34,0,0
BRDA:66,35,0,0
BRDA:66,36,0,3
BRDA:66,37,0,0
BRDA:66,38,0,1
BRDA:66,39,0,0
BRDA:66,40,0,0
BRDA:66,41,0,0
BRDA:66,42,0,0
BRDA:66,43,0,9
BRDA:66,44,0,2
BRDA:66,45,0,9
BRDA:66,46,0,3
BRDA:66,47,0,2
BRDA:66,48,0,1
BRDA:66,49,0,0
BRDA:66,50,0,1
BRDA:66,51,0,0
BRDA:19,52,0,1
BRDA:26,53,0,3
BRDA:41,54,0,3
BRDA:66,55,0,3
BRDA:66,56,0,9
BRDA:42,57,0,3
BRDA:66,58,0,3
BRDA:44,59,0,1
BRDA:46,60,0,2
BRDA:66,61,0,2
BRDA:53,62,0,1
BRDA:66,63,0,1
BRF:64
BRH:44
end_of_record
TN:
SF:src/modules/users/services/CreateUserService.ts
FN:75,Object.<anonymous>
FN:75,Object.<anonymous>.__decorate
FN:75,Object.<anonymous>.__metadata
FN:75,Object.<anonymous>.__param
FN:75,Object.<anonymous>.__awaiter
FN:75,adopt
FN:75,fulfilled
FN:75,rejected
FN:75,step
FN:75,Object.<anonymous>.__generator
FN:75,sent
FN:75,g.<computed>
FN:75,verb
FN:75,step
FN:75,Object.<anonymous>.__importDefault
FN:28,CreateUserServece
FN:43,Object.<anonymous>.CreateUserServece.execute
FNF:17
FNH:15
FNDA:1,Object.<anonymous>
FNDA:1,Object.<anonymous>.__decorate
FNDA:1,Object.<anonymous>.__metadata
FNDA:3,Object.<anonymous>.__param
FNDA:2,Object.<anonymous>.__awaiter
FNDA:6,adopt
FNDA:6,fulfilled
FNDA:0,rejected
FNDA:7,step
FNDA:2,Object.<anonymous>.__generator
FNDA:6,sent
FNDA:0,g.<computed>
FNDA:6,verb
FNDA:8,step
FNDA:1,Object.<anonymous>.__importDefault
FNDA:2,CreateUserServece
FNDA:2,Object.<anonymous>.CreateUserServece.execute
DA:1,1
DA:2,1
DA:3,1
DA:4,1
DA:5,1
DA:6,1
DA:7,1
DA:8,1
DA:9,1
DA:10,1
DA:11,1
DA:12,1
DA:13,1
DA:14,1
DA:15,1
DA:16,1
DA:17,1
DA:18,1
DA:19,1
DA:20,1
DA:21,1
DA:22,1
DA:23,1
DA:24,1
DA:25,1
DA:26,1
DA:27,1
DA:28,1
DA:29,2
DA:30,2
DA:31,2
DA:32,2
DA:33,2
DA:34,2
DA:35,2
DA:36,2
DA:37,2
DA:38,2
DA:39,2
DA:40,2
DA:41,2
DA:42,1
DA:43,1
DA:44,2
DA:45,2
DA:46,2
DA:47,2
DA:48,2
DA:49,2
DA:50,2
DA:51,2
DA:52,1
DA:53,1
DA:54,1
DA:55,1
DA:56,2
DA:57,2
DA:58,2
DA:59,2
DA:60,2
DA:61,2
DA:62,2
DA:63,2
DA:64,2
DA:65,2
DA:66,2
DA:67,2
DA:68,2
DA:69,2
DA:70,2
DA:71,2
DA:72,2
DA:73,1
DA:74,1
DA:75,1
LF:75
LH:75
BRDA:75,0,0,1
BRDA:75,1,0,1
BRDA:75,2,0,1
BRDA:75,3,0,0
BRDA:75,4,0,0
BRDA:75,5,0,0
BRDA:75,6,0,0
BRDA:75,7,0,1
BRDA:75,8,0,3
BRDA:75,9,0,3
BRDA:75,10,0,2
BRDA:75,11,0,6
BRDA:75,12,0,0
BRDA:75,13,0,2
BRDA:75,14,0,6
BRDA:75,15,0,1
BRDA:75,16,0,7
BRDA:75,17,0,1
BRDA:75,18,0,6
BRDA:75,19,0,2
BRDA:75,20,0,6
BRDA:75,21,0,0
BRDA:75,22,0,6
BRDA:75,23,0,8
BRDA:75,24,0,8
BRDA:75,25,0,0
BRDA:75,26,0,16
BRDA:75,27,0,0
BRDA:75,28,0,0
BRDA:75,29,0,0
BRDA:75,30,0,0
BRDA:75,31,0,8
BRDA:75,32,0,8
BRDA:75,33,0,6
BRDA:75,34,0,0
BRDA:75,35,0,0
BRDA:75,36,0,2
BRDA:75,37,0,0
BRDA:75,38,0,1
BRDA:75,39,0,0
BRDA:75,40,0,0
BRDA:75,41,0,0
BRDA:75,42,0,0
BRDA:75,43,0,8
BRDA:75,44,0,1
BRDA:75,45,0,8
BRDA:75,46,0,2
BRDA:75,47,0,1
BRDA:75,48,0,0
BRDA:75,49,0,1
BRDA:75,50,0,0
BRDA:21,51,0,1
BRDA:28,52,0,2
BRDA:43,53,0,2
BRDA:75,54,0,2
BRDA:75,55,0,8
BRDA:49,56,0,2
BRDA:75,57,0,2
BRDA:51,58,0,1
BRDA:75,59,0,1
BRDA:75,60,0,1
BRDA:75,61,0,1
BRDA:75,62,0,1
BRF:63
BRH:43
end_of_record
TN:
SF:src/modules/users/services/UpdateAvatarService.ts
FN:46,Object.<anonymous>
FN:46,Object.<anonymous>.__decorate
FN:46,Object.<anonymous>.__metadata
FN:46,Object.<anonymous>.__param
FN:46,Object.<anonymous>.__awaiter
FN:46,adopt
FN:46,fulfilled
FN:46,rejected
FN:46,step
FN:46,Object.<anonymous>.__generator
FN:46,sent
FN:46,g.<computed>
FN:46,verb
FN:46,step
FN:46,Object.<anonymous>.__importDefault
FN:17,UpdateAvatarService
FN:27,Object.<anonymous>.UpdateAvatarService.execute
FNF:17
FNH:15
FNDA:1,Object.<anonymous>
FNDA:1,Object.<anonymous>.__decorate
FNDA:1,Object.<anonymous>.__metadata
FNDA:2,Object.<anonymous>.__param
FNDA:4,Object.<anonymous>.__awaiter
FNDA:11,adopt
FNDA:11,fulfilled
FNDA:0,rejected
FNDA:14,step
FNDA:4,Object.<anonymous>.__generator
FNDA:11,sent
FNDA:0,g.<computed>
FNDA:12,verb
FNDA:15,step
FNDA:1,Object.<anonymous>.__importDefault
FNDA:3,UpdateAvatarService
FNDA:4,Object.<anonymous>.UpdateAvatarService.execute
DA:1,1
DA:2,1
DA:3,1
DA:4,1
DA:5,1
DA:6,1
DA:7,1
DA:8,1
DA:9,1
DA:10,1
DA:11,1
DA:12,1
DA:13,1
DA:14,1
DA:15,1
DA:16,1
DA:17,1
DA:18,3
DA:19,3
DA:20,3
DA:21,3
DA:22,3
DA:23,3
DA:24,3
DA:25,3
DA:26,1
DA:27,1
DA:28,4
DA:29,4
DA:30,1
DA:31,1
DA:32,3
DA:33,3
DA:34,1
DA:35,4
DA:36,4
DA:37,4
DA:38,4
DA:39,4
DA:40,4
DA:41,4
DA:42,4
DA:43,4
DA:44,1
DA:45,1
DA:46,1
LF:46
LH:46
BRDA:46,0,0,1
BRDA:46,1,0,1
BRDA:46,2,0,1
BRDA:46,3,0,0
BRDA:46,4,0,0
BRDA:46,5,0,0
BRDA:46,6,0,0
BRDA:46,7,0,1
BRDA:46,8,0,2
BRDA:46,9,0,2
BRDA:46,10,0,4
BRDA:46,11,0,11
BRDA:46,12,0,0
BRDA:46,13,0,4
BRDA:46,14,0,11
BRDA:46,15,0,1
BRDA:46,16,0,14
BRDA:46,17,0,3
BRDA:46,18,0,11
BRDA:46,19,0,4
BRDA:46,20,0,11
BRDA:46,21,0,0
BRDA:46,22,0,12
BRDA:46,23,0,15
BRDA:46,24,0,15
BRDA:46,25,0,0
BRDA:46,26,0,32
BRDA:46,27,0,0
BRDA:46,28,0,0
BRDA:46,29,0,0
BRDA:46,30,0,0
BRDA:46,31,0,15
BRDA:46,32,0,15
BRDA:46,33,0,11
BRDA:46,34,0,0
BRDA:46,35,0,0
BRDA:46,36,0,6
BRDA:46,37,0,0
BRDA:46,38,0,5
BRDA:46,39,0,4
BRDA:46,40,0,2
BRDA:46,41,0,0
BRDA:46,42,0,2
BRDA:46,43,0,0
BRDA:46,44,0,0
BRDA:46,45,0,0
BRDA:46,46,0,17
BRDA:46,47,0,1
BRDA:46,48,0,17
BRDA:46,49,0,4
BRDA:46,50,0,1
BRDA:46,51,0,3
BRDA:46,52,0,0
BRDA:46,53,0,1
BRDA:46,54,0,0
BRDA:12,55,0,1
BRDA:17,56,0,3
BRDA:27,57,0,4
BRDA:46,58,0,4
BRDA:46,59,0,17
BRDA:28,60,0,4
BRDA:46,61,0,4
BRDA:29,62,0,1
BRDA:31,63,0,3
BRDA:33,64,0,2
BRDA:33,65,0,1
BRDA:46,66,0,1
BRDA:37,67,0,3
BRDA:46,68,0,3
BRDA:46,69,0,3
BRF:70
BRH:50
end_of_record
